  dojang15.c
  dojang30.c
  dojang31.c
  dojang32.c
  dojang36.c
  dojang38.c
  dojang45.c
  dojang47.c
  dojang53.c
  dojang57-1.c
  dojang57-2.c
  dojang57-3.c
  dojang58.c
  dojang59-2.c
  dojang59-3.c
  dojang60.c
  dojang61.c
  dojang64.c
  dojang69.c
  dojang71-1.c
  코드를 생성하고 있습니다...
  컴파일하고 있습니다...
  dojang71-2.c
  dojang71-3.c
  dojang74-1.c
  dojang74.c
  dojang76.c
  dojang78.c
  dojang79.c
  print.c
  sub.c
  코드를 생성하고 있습니다...
  dojang.vcxproj -> D:\작업문서\Documents\Visual Studio 2019\dojang\x64\Debug\dojang.exe
