d:\작업문서\documents\visual studio 2019\dojang\dojang\x64\debug\vc142.pdb
d:\작업문서\documents\visual studio 2019\dojang\dojang\x64\debug\vc142.idb
d:\작업문서\documents\visual studio 2019\dojang\dojang\x64\debug\dojang71-1.obj
d:\작업문서\documents\visual studio 2019\dojang\dojang\x64\debug\dojang69.obj
d:\작업문서\documents\visual studio 2019\dojang\dojang\x64\debug\dojang64.obj
d:\작업문서\documents\visual studio 2019\dojang\dojang\x64\debug\dojang61.obj
d:\작업문서\documents\visual studio 2019\dojang\dojang\x64\debug\dojang60.obj
d:\작업문서\documents\visual studio 2019\dojang\dojang\x64\debug\dojang59-3.obj
d:\작업문서\documents\visual studio 2019\dojang\dojang\x64\debug\dojang59-2.obj
d:\작업문서\documents\visual studio 2019\dojang\dojang\x64\debug\dojang58.obj
d:\작업문서\documents\visual studio 2019\dojang\dojang\x64\debug\dojang57-3.obj
d:\작업문서\documents\visual studio 2019\dojang\dojang\x64\debug\dojang57-2.obj
d:\작업문서\documents\visual studio 2019\dojang\dojang\x64\debug\dojang57-1.obj
d:\작업문서\documents\visual studio 2019\dojang\dojang\x64\debug\dojang53.obj
d:\작업문서\documents\visual studio 2019\dojang\dojang\x64\debug\dojang47.obj
d:\작업문서\documents\visual studio 2019\dojang\dojang\x64\debug\dojang45.obj
d:\작업문서\documents\visual studio 2019\dojang\dojang\x64\debug\dojang38.obj
d:\작업문서\documents\visual studio 2019\dojang\dojang\x64\debug\dojang36.obj
d:\작업문서\documents\visual studio 2019\dojang\dojang\x64\debug\dojang32.obj
d:\작업문서\documents\visual studio 2019\dojang\dojang\x64\debug\dojang31.obj
d:\작업문서\documents\visual studio 2019\dojang\dojang\x64\debug\dojang30.obj
d:\작업문서\documents\visual studio 2019\dojang\dojang\x64\debug\dojang15.obj
d:\작업문서\documents\visual studio 2019\dojang\dojang\x64\debug\sub.obj
d:\작업문서\documents\visual studio 2019\dojang\dojang\x64\debug\print.obj
d:\작업문서\documents\visual studio 2019\dojang\dojang\x64\debug\dojang79.obj
d:\작업문서\documents\visual studio 2019\dojang\dojang\x64\debug\dojang78.obj
d:\작업문서\documents\visual studio 2019\dojang\dojang\x64\debug\dojang76.obj
d:\작업문서\documents\visual studio 2019\dojang\dojang\x64\debug\dojang74.obj
d:\작업문서\documents\visual studio 2019\dojang\dojang\x64\debug\dojang74-1.obj
d:\작업문서\documents\visual studio 2019\dojang\dojang\x64\debug\dojang71-3.obj
d:\작업문서\documents\visual studio 2019\dojang\dojang\x64\debug\dojang71-2.obj
d:\작업문서\documents\visual studio 2019\dojang\dojang\x64\debug\dojang81.obj
d:\작업문서\documents\visual studio 2019\dojang\x64\debug\dojang.exe
d:\작업문서\documents\visual studio 2019\dojang\x64\debug\dojang.ilk
d:\작업문서\documents\visual studio 2019\dojang\x64\debug\dojang.pdb
d:\작업문서\documents\visual studio 2019\dojang\dojang\x64\debug\dojang.tlog\cl.command.1.tlog
d:\작업문서\documents\visual studio 2019\dojang\dojang\x64\debug\dojang.tlog\cl.read.1.tlog
d:\작업문서\documents\visual studio 2019\dojang\dojang\x64\debug\dojang.tlog\cl.write.1.tlog
d:\작업문서\documents\visual studio 2019\dojang\dojang\x64\debug\dojang.tlog\link.command.1.tlog
d:\작업문서\documents\visual studio 2019\dojang\dojang\x64\debug\dojang.tlog\link.read.1.tlog
d:\작업문서\documents\visual studio 2019\dojang\dojang\x64\debug\dojang.tlog\link.write.1.tlog
